This is pdfTeX, Version 3.141592653-2.6-1.40.23 (TeX Live 2022/dev) (preloaded format=pdflatex 2021.7.11)  11 JUL 2021 21:50
entering extended mode
 restricted \write18 enabled.
 file:line:error style messages enabled.
 %&-line parsing enabled.
**/Users/surya/Downloads/Texture-Sampling-PhaseMeasurement-BiasErrors/SchemeReport/SchemesReport.tex
(/Users/surya/Downloads/Texture-Sampling-PhaseMeasurement-BiasErrors/SchemeReport/SchemesReport.tex
LaTeX2e <2021-06-01> patch level 1
L3 programming layer <2021-06-18> (/usr/local/texlive/2021/texmf-dist/tex/latex/base/article.cls
Document Class: article 2021/02/12 v1.4n Standard LaTeX document class
(/usr/local/texlive/2021/texmf-dist/tex/latex/base/size10.clo
File: size10.clo 2021/02/12 v1.4n Standard LaTeX file (size option)
)
\c@part=\count182
\c@section=\count183
\c@subsection=\count184
\c@subsubsection=\count185
\c@paragraph=\count186
\c@subparagraph=\count187
\c@figure=\count188
\c@table=\count189
\abovecaptionskip=\skip47
\belowcaptionskip=\skip48
\bibindent=\dimen138
) (/usr/local/texlive/2021/texmf-dist/tex/latex/amsmath/amsmath.sty
Package: amsmath 2021/04/20 v2.17j AMS math features
\@mathmargin=\skip49

For additional information on amsmath, use the `?' option.
(/usr/local/texlive/2021/texmf-dist/tex/latex/amsmath/amstext.sty
Package: amstext 2000/06/29 v2.01 AMS text
 (/usr/local/texlive/2021/texmf-dist/tex/latex/amsmath/amsgen.sty
File: amsgen.sty 1999/11/30 v2.0 generic functions
\@emptytoks=\toks16
\ex@=\dimen139
)) (/usr/local/texlive/2021/texmf-dist/tex/latex/amsmath/amsbsy.sty
Package: amsbsy 1999/11/29 v1.2d Bold Symbols
\pmbraise@=\dimen140
) (/usr/local/texlive/2021/texmf-dist/tex/latex/amsmath/amsopn.sty
Package: amsopn 2016/03/08 v2.02 operator names
)
\inf@bad=\count190
LaTeX Info: Redefining \frac on input line 234.
\uproot@=\count191
\leftroot@=\count192
LaTeX Info: Redefining \overline on input line 399.
\classnum@=\count193
\DOTSCASE@=\count194
LaTeX Info: Redefining \ldots on input line 496.
LaTeX Info: Redefining \dots on input line 499.
LaTeX Info: Redefining \cdots on input line 620.
\Mathstrutbox@=\box50
\strutbox@=\box51
\big@size=\dimen141
LaTeX Font Info:    Redeclaring font encoding OML on input line 743.
LaTeX Font Info:    Redeclaring font encoding OMS on input line 744.
\macc@depth=\count195
\c@MaxMatrixCols=\count196
\dotsspace@=\muskip16
\c@parentequation=\count197
\dspbrk@lvl=\count198
\tag@help=\toks17
\row@=\count199
\column@=\count266
\maxfields@=\count267
\andhelp@=\toks18
\eqnshift@=\dimen142
\alignsep@=\dimen143
\tagshift@=\dimen144
\tagwidth@=\dimen145
\totwidth@=\dimen146
\lineht@=\dimen147
\@envbody=\toks19
\multlinegap=\skip50
\multlinetaggap=\skip51
\mathdisplay@stack=\toks20
LaTeX Info: Redefining \[ on input line 2923.
LaTeX Info: Redefining \] on input line 2924.
) (/usr/local/texlive/2021/texmf-dist/tex/latex/natbib/natbib.sty
Package: natbib 2010/09/13 8.31b (PWD, AO)
\bibhang=\skip52
\bibsep=\skip53
LaTeX Info: Redefining \cite on input line 694.
\c@NAT@ctr=\count268
) (/usr/local/texlive/2021/texmf-dist/tex/latex/geometry/geometry.sty
Package: geometry 2020/01/02 v5.9 Page Geometry
 (/usr/local/texlive/2021/texmf-dist/tex/latex/graphics/keyval.sty
Package: keyval 2014/10/28 v1.15 key=value parser (DPC)
\KV@toks@=\toks21
) (/usr/local/texlive/2021/texmf-dist/tex/generic/iftex/ifvtex.sty
Package: ifvtex 2019/10/25 v1.7 ifvtex legacy package. Use iftex instead.
 (/usr/local/texlive/2021/texmf-dist/tex/generic/iftex/iftex.sty
Package: iftex 2020/03/06 v1.0d TeX engine tests
))
\Gm@cnth=\count269
\Gm@cntv=\count270
\c@Gm@tempcnt=\count271
\Gm@bindingoffset=\dimen148
\Gm@wd@mp=\dimen149
\Gm@odd@mp=\dimen150
\Gm@even@mp=\dimen151
\Gm@layoutwidth=\dimen152
\Gm@layoutheight=\dimen153
\Gm@layouthoffset=\dimen154
\Gm@layoutvoffset=\dimen155
\Gm@dimlist=\toks22
) (/usr/local/texlive/2021/texmf-dist/tex/latex/graphics/graphicx.sty
Package: graphicx 2020/12/05 v1.2c Enhanced LaTeX Graphics (DPC,SPQR)
 (/usr/local/texlive/2021/texmf-dist/tex/latex/graphics/graphics.sty
Package: graphics 2021/03/04 v1.4d Standard LaTeX Graphics (DPC,SPQR)
 (/usr/local/texlive/2021/texmf-dist/tex/latex/graphics/trig.sty
Package: trig 2016/01/03 v1.10 sin cos tan (DPC)
) (/usr/local/texlive/2021/texmf-dist/tex/latex/graphics-cfg/graphics.cfg
File: graphics.cfg 2016/06/04 v1.11 sample graphics configuration
)
Package graphics Info: Driver file: pdftex.def on input line 107.
 (/usr/local/texlive/2021/texmf-dist/tex/latex/graphics-def/pdftex.def
File: pdftex.def 2020/10/05 v1.2a Graphics/color driver for pdftex
))
\Gin@req@height=\dimen156
\Gin@req@width=\dimen157
) (/usr/local/texlive/2021/texmf-dist/tex/latex/tools/bm.sty
Package: bm 2021/04/25 v1.2e Bold Symbol Support (DPC/FMi)
\symboldoperators=\mathgroup4
\symboldletters=\mathgroup5
\symboldsymbols=\mathgroup6
Package bm Info: No bold for \OMX/cmex/m/n, using \pmb.
LaTeX Font Info:    Redeclaring math alphabet \mathbf on input line 149.
) (/usr/local/texlive/2021/texmf-dist/tex/latex/preprint/authblk.sty
Package: authblk 2001/02/27 1.3 (PWD)
\affilsep=\skip54
\@affilsep=\skip55
\c@Maxaffil=\count272
\c@authors=\count273
\c@affil=\count274
) (/usr/local/texlive/2021/texmf-dist/tex/latex/float/float.sty
Package: float 2001/11/08 v1.3d Float enhancements (AL)
\c@float@type=\count275
\float@exts=\toks23
\float@box=\box52
\@float@everytoks=\toks24
\@floatcapt=\box53
) (/usr/local/texlive/2021/texmf-dist/tex/latex/l3backend/l3backend-pdftex.def
File: l3backend-pdftex.def 2021-05-07 L3 backend support: PDF output (pdfTeX)
\l__color_backend_stack_int=\count276
\l__pdf_internal_box=\box54
) (./SchemesReport.aux)
\openout1 = `SchemesReport.aux'.

LaTeX Font Info:    Checking defaults for OML/cmm/m/it on input line 26.
LaTeX Font Info:    ... okay on input line 26.
LaTeX Font Info:    Checking defaults for OMS/cmsy/m/n on input line 26.
LaTeX Font Info:    ... okay on input line 26.
LaTeX Font Info:    Checking defaults for OT1/cmr/m/n on input line 26.
LaTeX Font Info:    ... okay on input line 26.
LaTeX Font Info:    Checking defaults for T1/cmr/m/n on input line 26.
LaTeX Font Info:    ... okay on input line 26.
LaTeX Font Info:    Checking defaults for TS1/cmr/m/n on input line 26.
LaTeX Font Info:    ... okay on input line 26.
LaTeX Font Info:    Checking defaults for OMX/cmex/m/n on input line 26.
LaTeX Font Info:    ... okay on input line 26.
LaTeX Font Info:    Checking defaults for U/cmr/m/n on input line 26.
LaTeX Font Info:    ... okay on input line 26.

*geometry* driver: auto-detecting
*geometry* detected driver: pdftex
*geometry* verbose mode - [ preamble ] result:
* driver: pdftex
* paper: letterpaper
* layout: <same size as paper>
* layoutoffset:(h,v)=(0.0pt,0.0pt)
* modes: 
* h-part:(L,W,R)=(72.26999pt, 469.75502pt, 72.26999pt)
* v-part:(T,H,B)=(72.26999pt, 650.43001pt, 72.26999pt)
* \paperwidth=614.295pt
* \paperheight=794.96999pt
* \textwidth=469.75502pt
* \textheight=650.43001pt
* \oddsidemargin=0.0pt
* \evensidemargin=0.0pt
* \topmargin=-37.0pt
* \headheight=12.0pt
* \headsep=25.0pt
* \topskip=10.0pt
* \footskip=30.0pt
* \marginparwidth=65.0pt
* \marginparsep=11.0pt
* \columnsep=10.0pt
* \skip\footins=9.0pt plus 4.0pt minus 2.0pt
* \hoffset=0.0pt
* \voffset=0.0pt
* \mag=1000
* \@twocolumnfalse
* \@twosidefalse
* \@mparswitchfalse
* \@reversemarginfalse
* (1in=72.27pt=25.4mm, 1cm=28.453pt)

(/usr/local/texlive/2021/texmf-dist/tex/context/base/mkii/supp-pdf.mkii
[Loading MPS to PDF converter (version 2006.09.02).]
\scratchcounter=\count277
\scratchdimen=\dimen158
\scratchbox=\box55
\nofMPsegments=\count278
\nofMParguments=\count279
\everyMPshowfont=\toks25
\MPscratchCnt=\count280
\MPscratchDim=\dimen159
\MPnumerator=\count281
\makeMPintoPDFobject=\count282
\everyMPtoPDFconversion=\toks26
) (/usr/local/texlive/2021/texmf-dist/tex/latex/epstopdf-pkg/epstopdf-base.sty
Package: epstopdf-base 2020-01-24 v2.11 Base part for package epstopdf
Package epstopdf-base Info: Redefining graphics rule for `.eps' on input line 485.
 (/usr/local/texlive/2021/texmf-dist/tex/latex/latexconfig/epstopdf-sys.cfg
File: epstopdf-sys.cfg 2010/07/13 v1.3 Configuration of (r)epstopdf for TeX Live
))
<SchemesReportFigures/Ring Perpendicular to ND_scatter.png, id=1, 495.5313pt x 485.29305pt>
File: SchemesReportFigures/Ring Perpendicular to ND_scatter.png Graphic file (type png)
<use SchemesReportFigures/Ring Perpendicular to ND_scatter.png>
Package pdftex.def Info: SchemesReportFigures/Ring Perpendicular to ND_scatter.png  used on input line 85.
(pdftex.def)             Requested size: 522.1545pt x 511.39435pt.

Overfull \hbox (52.39948pt too wide) in paragraph at lines 85--86
 [][] 
 []

[1

{/usr/local/texlive/2021/texmf-var/fonts/map/pdftex/updmap/pdftex.map}]
<SchemesReportFigures/Ring Perpendicular to RD_scatter.png, id=14, 493.6041pt x 483.2454pt>
File: SchemesReportFigures/Ring Perpendicular to RD_scatter.png Graphic file (type png)
<use SchemesReportFigures/Ring Perpendicular to RD_scatter.png>
Package pdftex.def Info: SchemesReportFigures/Ring Perpendicular to RD_scatter.png  used on input line 91.
(pdftex.def)             Requested size: 522.1545pt x 511.23486pt.

Overfull \hbox (52.39948pt too wide) in paragraph at lines 91--92
 [][] 
 []

[2 <./SchemesReportFigures/Ring Perpendicular to ND_scatter.png>]
<SchemesReportFigures/Ring Perpendicular to TD_scatter.png, id=19, 493.6041pt x 483.2454pt>
File: SchemesReportFigures/Ring Perpendicular to TD_scatter.png Graphic file (type png)
<use SchemesReportFigures/Ring Perpendicular to TD_scatter.png>
Package pdftex.def Info: SchemesReportFigures/Ring Perpendicular to TD_scatter.png  used on input line 97.
(pdftex.def)             Requested size: 522.1545pt x 511.23486pt.

Overfull \hbox (52.39948pt too wide) in paragraph at lines 97--98
 [][] 
 []

[3 <./SchemesReportFigures/Ring Perpendicular to RD_scatter.png>]
<SchemesReportFigures/RotRing Axis-Y Res-5.0 Theta-2.84623415 OmegaMax-90_scatter.png, id=24, 495.2904pt x 483.2454pt>
File: SchemesReportFigures/RotRing Axis-Y Res-5.0 Theta-2.84623415 OmegaMax-90_scatter.png Graphic file (type png)
<use SchemesReportFigures/RotRing Axis-Y Res-5.0 Theta-2.84623415 OmegaMax-90_scatter.png>
Package pdftex.def Info: SchemesReportFigures/RotRing Axis-Y Res-5.0 Theta-2.84623415 OmegaMax-90_scatter.png  used on input line 116.
(pdftex.def)             Requested size: 522.1545pt x 509.49466pt.

Overfull \hbox (52.39948pt too wide) in paragraph at lines 116--117
 [][] 
 []

[4 <./SchemesReportFigures/Ring Perpendicular to TD_scatter.png>]
<SchemesReportFigures/RotRing Axis-Y Res-5.0 Theta-2.84623415 OmegaMax-60_scatter.png, id=29, 494.3268pt x 483.2454pt>
File: SchemesReportFigures/RotRing Axis-Y Res-5.0 Theta-2.84623415 OmegaMax-60_scatter.png Graphic file (type png)
<use SchemesReportFigures/RotRing Axis-Y Res-5.0 Theta-2.84623415 OmegaMax-60_scatter.png>
Package pdftex.def Info: SchemesReportFigures/RotRing Axis-Y Res-5.0 Theta-2.84623415 OmegaMax-60_scatter.png  used on input line 122.
(pdftex.def)             Requested size: 522.1545pt x 510.46062pt.

Overfull \hbox (52.39948pt too wide) in paragraph at lines 122--123
 [][] 
 []

[5 <./SchemesReportFigures/RotRing Axis-Y Res-5.0 Theta-2.84623415 OmegaMax-90_scatter.png>]
<SchemesReportFigures/OffsetF45_scatter.png, id=34, 493.6041pt x 483.2454pt>
File: SchemesReportFigures/OffsetF45_scatter.png Graphic file (type png)
<use SchemesReportFigures/OffsetF45_scatter.png>
Package pdftex.def Info: SchemesReportFigures/OffsetF45_scatter.png  used on input line 131.
(pdftex.def)             Requested size: 522.1545pt x 511.23486pt.

Overfull \hbox (52.39948pt too wide) in paragraph at lines 131--132
 [][] 
 []

[6 <./SchemesReportFigures/RotRing Axis-Y Res-5.0 Theta-2.84623415 OmegaMax-60_scatter.png>]
<SchemesReportFigures/OffsetA45_scatter.png, id=39, 493.6041pt x 483.2454pt>
File: SchemesReportFigures/OffsetA45_scatter.png Graphic file (type png)
<use SchemesReportFigures/OffsetA45_scatter.png>
Package pdftex.def Info: SchemesReportFigures/OffsetA45_scatter.png  used on input line 137.
(pdftex.def)             Requested size: 522.1545pt x 511.23486pt.

Overfull \hbox (52.39948pt too wide) in paragraph at lines 137--138
 [][] 
 []

[7 <./SchemesReportFigures/OffsetF45_scatter.png>]
<SchemesReportFigures/OffsetFTD_scatter.png, id=45, 493.6041pt x 483.2454pt>
File: SchemesReportFigures/OffsetFTD_scatter.png Graphic file (type png)
<use SchemesReportFigures/OffsetFTD_scatter.png>
Package pdftex.def Info: SchemesReportFigures/OffsetFTD_scatter.png  used on input line 143.
(pdftex.def)             Requested size: 522.1545pt x 511.23486pt.

Overfull \hbox (52.39948pt too wide) in paragraph at lines 143--144
 [][] 
 []

[8 <./SchemesReportFigures/OffsetA45_scatter.png>]
<SchemesReportFigures/OffsetATD_scatter.png, id=50, 493.6041pt x 483.2454pt>
File: SchemesReportFigures/OffsetATD_scatter.png Graphic file (type png)
<use SchemesReportFigures/OffsetATD_scatter.png>
Package pdftex.def Info: SchemesReportFigures/OffsetATD_scatter.png  used on input line 149.
(pdftex.def)             Requested size: 522.1545pt x 511.23486pt.

Overfull \hbox (52.39948pt too wide) in paragraph at lines 149--150
 [][] 
 []

[9 <./SchemesReportFigures/OffsetFTD_scatter.png>]
<SchemesReportFigures/EA_scatter.png, id=55, 495.5313pt x 485.29305pt>
File: SchemesReportFigures/EA_scatter.png Graphic file (type png)
<use SchemesReportFigures/EA_scatter.png>
Package pdftex.def Info: SchemesReportFigures/EA_scatter.png  used on input line 161.
(pdftex.def)             Requested size: 522.1545pt x 511.39435pt.

Overfull \hbox (52.39948pt too wide) in paragraph at lines 161--162
 [][] 
 []

[10 <./SchemesReportFigures/OffsetATD_scatter.png>]
<SchemesReportFigures/Rotation-NoTilt_scatter.png, id=60, 493.6041pt x 483.2454pt>
File: SchemesReportFigures/Rotation-NoTilt_scatter.png Graphic file (type png)
<use SchemesReportFigures/Rotation-NoTilt_scatter.png>
Package pdftex.def Info: SchemesReportFigures/Rotation-NoTilt_scatter.png  used on input line 175.
(pdftex.def)             Requested size: 522.1545pt x 511.23486pt.

Overfull \hbox (52.39948pt too wide) in paragraph at lines 175--176
 [][] 
 []

[11 <./SchemesReportFigures/EA_scatter.png>]
<SchemesReportFigures/NoRotation-tilt60deg_scatter.png, id=65, 493.6041pt x 483.2454pt>
File: SchemesReportFigures/NoRotation-tilt60deg_scatter.png Graphic file (type png)
<use SchemesReportFigures/NoRotation-tilt60deg_scatter.png>
Package pdftex.def Info: SchemesReportFigures/NoRotation-tilt60deg_scatter.png  used on input line 186.
(pdftex.def)             Requested size: 522.1545pt x 511.23486pt.

Overfull \hbox (52.39948pt too wide) in paragraph at lines 186--187
 [][] 
 []

[12 <./SchemesReportFigures/Rotation-NoTilt_scatter.png>]
<SchemesReportFigures/Rotation-60detTilt_scatter.png, id=70, 493.6041pt x 483.2454pt>
File: SchemesReportFigures/Rotation-60detTilt_scatter.png Graphic file (type png)
<use SchemesReportFigures/Rotation-60detTilt_scatter.png>
Package pdftex.def Info: SchemesReportFigures/Rotation-60detTilt_scatter.png  used on input line 194.
(pdftex.def)             Requested size: 522.1545pt x 511.23486pt.

Overfull \hbox (52.39948pt too wide) in paragraph at lines 194--195
 [][] 
 []

[13 <./SchemesReportFigures/NoRotation-tilt60deg_scatter.png>]
<SchemesReportFigures/holden_scatter.png, id=76, 493.6041pt x 485.29305pt>
File: SchemesReportFigures/holden_scatter.png Graphic file (type png)
<use SchemesReportFigures/holden_scatter.png>
Package pdftex.def Info: SchemesReportFigures/holden_scatter.png  used on input line 212.
(pdftex.def)             Requested size: 522.1545pt x 513.4011pt.

Overfull \hbox (52.39948pt too wide) in paragraph at lines 212--213
 [][] 
 []


Package natbib Warning: Citation `Holden' on page 14 undefined on input line 213.

[14 <./SchemesReportFigures/Rotation-60detTilt_scatter.png>]
<SchemesReportFigures/Rizzie_scatter.png, id=81, 493.6041pt x 485.29305pt>
File: SchemesReportFigures/Rizzie_scatter.png Graphic file (type png)
<use SchemesReportFigures/Rizzie_scatter.png>
Package pdftex.def Info: SchemesReportFigures/Rizzie_scatter.png  used on input line 223.
(pdftex.def)             Requested size: 522.1545pt x 513.4011pt.

Overfull \hbox (52.39948pt too wide) in paragraph at lines 223--224
 [][] 
 []

[15 <./SchemesReportFigures/holden_scatter.png>]
<SchemesReportFigures/Spiral_scatter.png, id=86, 493.6041pt x 485.29305pt>
File: SchemesReportFigures/Spiral_scatter.png Graphic file (type png)
<use SchemesReportFigures/Spiral_scatter.png>
Package pdftex.def Info: SchemesReportFigures/Spiral_scatter.png  used on input line 239.
(pdftex.def)             Requested size: 522.1545pt x 513.4011pt.

Overfull \hbox (52.39948pt too wide) in paragraph at lines 239--240
 [][] 
 []

[16 <./SchemesReportFigures/Rizzie_scatter.png>]
<SchemesReportFigures/Rizzie Hex_scatter.png, id=91, 493.6041pt x 483.2454pt>
File: SchemesReportFigures/Rizzie Hex_scatter.png Graphic file (type png)
<use SchemesReportFigures/Rizzie Hex_scatter.png>
Package pdftex.def Info: SchemesReportFigures/Rizzie Hex_scatter.png  used on input line 252.
(pdftex.def)             Requested size: 522.1545pt x 511.23486pt.

Overfull \hbox (52.39948pt too wide) in paragraph at lines 252--253
 [][] 
 []

[17 <./SchemesReportFigures/Spiral_scatter.png>]
<SchemesReportFigures/thomas_scatter.png, id=96, 495.5313pt x 485.29305pt>
File: SchemesReportFigures/thomas_scatter.png Graphic file (type png)
<use SchemesReportFigures/thomas_scatter.png>
Package pdftex.def Info: SchemesReportFigures/thomas_scatter.png  used on input line 262.
(pdftex.def)             Requested size: 522.1545pt x 511.39435pt.

Overfull \hbox (52.39948pt too wide) in paragraph at lines 262--263
 [][] 
 []

[18 <./SchemesReportFigures/Rizzie Hex_scatter.png>]
<SchemesReportFigures/Partial hex_scatter.png, id=101, 493.6041pt x 483.2454pt>
File: SchemesReportFigures/Partial hex_scatter.png Graphic file (type png)
<use SchemesReportFigures/Partial hex_scatter.png>
Package pdftex.def Info: SchemesReportFigures/Partial hex_scatter.png  used on input line 272.
(pdftex.def)             Requested size: 522.1545pt x 511.23486pt.

Overfull \hbox (52.39948pt too wide) in paragraph at lines 272--273
 [][] 
 []

[19 <./SchemesReportFigures/thomas_scatter.png>]
<SchemesReportFigures/clr_scatter.png, id=107, 495.5313pt x 485.29305pt>
File: SchemesReportFigures/clr_scatter.png Graphic file (type png)
<use SchemesReportFigures/clr_scatter.png>
Package pdftex.def Info: SchemesReportFigures/clr_scatter.png  used on input line 283.
(pdftex.def)             Requested size: 522.1545pt x 511.39435pt.

Overfull \hbox (52.39948pt too wide) in paragraph at lines 283--284
 [][] 
 []

[20 <./SchemesReportFigures/Partial hex_scatter.png>]
<SchemesReportFigures/Gauss_scatter.png, id=112, 493.6041pt x 483.2454pt>
File: SchemesReportFigures/Gauss_scatter.png Graphic file (type png)
<use SchemesReportFigures/Gauss_scatter.png>
Package pdftex.def Info: SchemesReportFigures/Gauss_scatter.png  used on input line 294.
(pdftex.def)             Requested size: 522.1545pt x 511.23486pt.

Overfull \hbox (52.39948pt too wide) in paragraph at lines 294--295
 [][] 
 []

[21 <./SchemesReportFigures/clr_scatter.png>]
<SchemesReportFigures/ND Single_contour.png, id=117, 354.3639pt x 351.2322pt>
File: SchemesReportFigures/ND Single_contour.png Graphic file (type png)
<use SchemesReportFigures/ND Single_contour.png>
Package pdftex.def Info: SchemesReportFigures/ND Single_contour.png  used on input line 316.
(pdftex.def)             Requested size: 522.1545pt x 517.61281pt.

Overfull \hbox (52.39948pt too wide) in paragraph at lines 316--317
 [][] 
 []

[22 <./SchemesReportFigures/Gauss_scatter.png>]
<SchemesReportFigures/RD Single_contour.png, id=122, 354.3639pt x 351.2322pt>
File: SchemesReportFigures/RD Single_contour.png Graphic file (type png)
<use SchemesReportFigures/RD Single_contour.png>
Package pdftex.def Info: SchemesReportFigures/RD Single_contour.png  used on input line 322.
(pdftex.def)             Requested size: 522.1545pt x 517.61281pt.

Overfull \hbox (52.39948pt too wide) in paragraph at lines 322--323
 [][] 
 []

[23 <./SchemesReportFigures/ND Single_contour.png>]
<SchemesReportFigures/TD Single_contour.png, id=127, 354.3639pt x 351.2322pt>
File: SchemesReportFigures/TD Single_contour.png Graphic file (type png)
<use SchemesReportFigures/TD Single_contour.png>
Package pdftex.def Info: SchemesReportFigures/TD Single_contour.png  used on input line 328.
(pdftex.def)             Requested size: 522.1545pt x 517.61281pt.

Overfull \hbox (52.39948pt too wide) in paragraph at lines 328--329
 [][] 
 []

[24 <./SchemesReportFigures/RD Single_contour.png>]
<SchemesReportFigures/Morris Single_contour.png, id=132, 354.3639pt x 351.2322pt>
File: SchemesReportFigures/Morris Single_contour.png Graphic file (type png)
<use SchemesReportFigures/Morris Single_contour.png>
Package pdftex.def Info: SchemesReportFigures/Morris Single_contour.png  used on input line 338.
(pdftex.def)             Requested size: 522.1545pt x 517.61281pt.

Overfull \hbox (52.39948pt too wide) in paragraph at lines 338--339
 [][] 
 []

[25 <./SchemesReportFigures/TD Single_contour.png>]
<SchemesReportFigures/Ring Perpendicular to ND_contour.png, id=138, 354.3639pt x 351.2322pt>
File: SchemesReportFigures/Ring Perpendicular to ND_contour.png Graphic file (type png)
<use SchemesReportFigures/Ring Perpendicular to ND_contour.png>
Package pdftex.def Info: SchemesReportFigures/Ring Perpendicular to ND_contour.png  used on input line 347.
(pdftex.def)             Requested size: 522.1545pt x 517.61281pt.

Overfull \hbox (52.39948pt too wide) in paragraph at lines 347--348
 [][] 
 []

[26 <./SchemesReportFigures/Morris Single_contour.png>]
<SchemesReportFigures/Ring Perpendicular to RD_contour.png, id=143, 354.3639pt x 351.2322pt>
File: SchemesReportFigures/Ring Perpendicular to RD_contour.png Graphic file (type png)
<use SchemesReportFigures/Ring Perpendicular to RD_contour.png>
Package pdftex.def Info: SchemesReportFigures/Ring Perpendicular to RD_contour.png  used on input line 353.
(pdftex.def)             Requested size: 522.1545pt x 517.61281pt.

Overfull \hbox (52.39948pt too wide) in paragraph at lines 353--354
 [][] 
 []

[27 <./SchemesReportFigures/Ring Perpendicular to ND_contour.png>]
<SchemesReportFigures/Ring Perpendicular to TD_contour.png, id=148, 354.3639pt x 351.2322pt>
File: SchemesReportFigures/Ring Perpendicular to TD_contour.png Graphic file (type png)
<use SchemesReportFigures/Ring Perpendicular to TD_contour.png>
Package pdftex.def Info: SchemesReportFigures/Ring Perpendicular to TD_contour.png  used on input line 359.
(pdftex.def)             Requested size: 522.1545pt x 517.61281pt.

Overfull \hbox (52.39948pt too wide) in paragraph at lines 359--360
 [][] 
 []

[28 <./SchemesReportFigures/Ring Perpendicular to RD_contour.png>]
<SchemesReportFigures/RotRing Axis-Y Res-5.0 Theta-2.84623415 OmegaMax-90_contour.png, id=153, 354.3639pt x 351.2322pt>
File: SchemesReportFigures/RotRing Axis-Y Res-5.0 Theta-2.84623415 OmegaMax-90_contour.png Graphic file (type png)
<use SchemesReportFigures/RotRing Axis-Y Res-5.0 Theta-2.84623415 OmegaMax-90_contour.png>
Package pdftex.def Info: SchemesReportFigures/RotRing Axis-Y Res-5.0 Theta-2.84623415 OmegaMax-90_contour.png  used on input line 370.
(pdftex.def)             Requested size: 522.1545pt x 517.61281pt.

Overfull \hbox (52.39948pt too wide) in paragraph at lines 370--371
 [][] 
 []

[29 <./SchemesReportFigures/Ring Perpendicular to TD_contour.png>]
<SchemesReportFigures/RotRing Axis-Y Res-5.0 Theta-2.84623415 OmegaMax-60_contour.png, id=158, 354.3639pt x 351.2322pt>
File: SchemesReportFigures/RotRing Axis-Y Res-5.0 Theta-2.84623415 OmegaMax-60_contour.png Graphic file (type png)
<use SchemesReportFigures/RotRing Axis-Y Res-5.0 Theta-2.84623415 OmegaMax-60_contour.png>
Package pdftex.def Info: SchemesReportFigures/RotRing Axis-Y Res-5.0 Theta-2.84623415 OmegaMax-60_contour.png  used on input line 376.
(pdftex.def)             Requested size: 522.1545pt x 517.61281pt.

Overfull \hbox (52.39948pt too wide) in paragraph at lines 376--377
 [][] 
 []

[30 <./SchemesReportFigures/RotRing Axis-Y Res-5.0 Theta-2.84623415 OmegaMax-90_contour.png>]
<SchemesReportFigures/OffsetF45_contour.png, id=163, 354.3639pt x 351.2322pt>
File: SchemesReportFigures/OffsetF45_contour.png Graphic file (type png)
<use SchemesReportFigures/OffsetF45_contour.png>
Package pdftex.def Info: SchemesReportFigures/OffsetF45_contour.png  used on input line 383.
(pdftex.def)             Requested size: 522.1545pt x 517.61281pt.

Overfull \hbox (52.39948pt too wide) in paragraph at lines 383--384
 [][] 
 []

[31 <./SchemesReportFigures/RotRing Axis-Y Res-5.0 Theta-2.84623415 OmegaMax-60_contour.png>]
<SchemesReportFigures/OffsetA45_contour.png, id=169, 354.3639pt x 351.2322pt>
File: SchemesReportFigures/OffsetA45_contour.png Graphic file (type png)
<use SchemesReportFigures/OffsetA45_contour.png>
Package pdftex.def Info: SchemesReportFigures/OffsetA45_contour.png  used on input line 389.
(pdftex.def)             Requested size: 522.1545pt x 517.61281pt.

Overfull \hbox (52.39948pt too wide) in paragraph at lines 389--390
 [][] 
 []

[32 <./SchemesReportFigures/OffsetF45_contour.png>]
<SchemesReportFigures/OffsetFTD_contour.png, id=174, 354.3639pt x 351.2322pt>
File: SchemesReportFigures/OffsetFTD_contour.png Graphic file (type png)
<use SchemesReportFigures/OffsetFTD_contour.png>
Package pdftex.def Info: SchemesReportFigures/OffsetFTD_contour.png  used on input line 395.
(pdftex.def)             Requested size: 522.1545pt x 517.61281pt.

Overfull \hbox (52.39948pt too wide) in paragraph at lines 395--396
 [][] 
 []

[33 <./SchemesReportFigures/OffsetA45_contour.png>]
<SchemesReportFigures/OffsetATD_contour.png, id=179, 354.3639pt x 351.2322pt>
File: SchemesReportFigures/OffsetATD_contour.png Graphic file (type png)
<use SchemesReportFigures/OffsetATD_contour.png>
Package pdftex.def Info: SchemesReportFigures/OffsetATD_contour.png  used on input line 401.
(pdftex.def)             Requested size: 522.1545pt x 517.61281pt.

Overfull \hbox (52.39948pt too wide) in paragraph at lines 401--402
 [][] 
 []

[34 <./SchemesReportFigures/OffsetFTD_contour.png>]
<SchemesReportFigures/EA_contour.png, id=184, 354.3639pt x 351.2322pt>
File: SchemesReportFigures/EA_contour.png Graphic file (type png)
<use SchemesReportFigures/EA_contour.png>
Package pdftex.def Info: SchemesReportFigures/EA_contour.png  used on input line 411.
(pdftex.def)             Requested size: 522.1545pt x 517.61281pt.

Overfull \hbox (52.39948pt too wide) in paragraph at lines 411--412
 [][] 
 []

[35 <./SchemesReportFigures/OffsetATD_contour.png>]
<SchemesReportFigures/Rotation-NoTilt_contour.png, id=189, 354.3639pt x 351.2322pt>
File: SchemesReportFigures/Rotation-NoTilt_contour.png Graphic file (type png)
<use SchemesReportFigures/Rotation-NoTilt_contour.png>
Package pdftex.def Info: SchemesReportFigures/Rotation-NoTilt_contour.png  used on input line 420.
(pdftex.def)             Requested size: 522.1545pt x 517.61281pt.

Overfull \hbox (52.39948pt too wide) in paragraph at lines 420--421
 [][] 
 []

[36 <./SchemesReportFigures/EA_contour.png>]
<SchemesReportFigures/NoRotation-tilt60deg_contour.png, id=194, 354.3639pt x 351.2322pt>
File: SchemesReportFigures/NoRotation-tilt60deg_contour.png Graphic file (type png)
<use SchemesReportFigures/NoRotation-tilt60deg_contour.png>
Package pdftex.def Info: SchemesReportFigures/NoRotation-tilt60deg_contour.png  used on input line 428.
(pdftex.def)             Requested size: 522.1545pt x 517.61281pt.

Overfull \hbox (52.39948pt too wide) in paragraph at lines 428--429
 [][] 
 []

[37 <./SchemesReportFigures/Rotation-NoTilt_contour.png>]
<SchemesReportFigures/Rotation-60detTilt_contour.png, id=200, 354.3639pt x 351.2322pt>
File: SchemesReportFigures/Rotation-60detTilt_contour.png Graphic file (type png)
<use SchemesReportFigures/Rotation-60detTilt_contour.png>
Package pdftex.def Info: SchemesReportFigures/Rotation-60detTilt_contour.png  used on input line 436.
(pdftex.def)             Requested size: 522.1545pt x 517.61281pt.

Overfull \hbox (52.39948pt too wide) in paragraph at lines 436--437
 [][] 
 []

[38 <./SchemesReportFigures/NoRotation-tilt60deg_contour.png>]
<SchemesReportFigures/Rizzie_contour.png, id=205, 354.3639pt x 351.2322pt>
File: SchemesReportFigures/Rizzie_contour.png Graphic file (type png)
<use SchemesReportFigures/Rizzie_contour.png>
Package pdftex.def Info: SchemesReportFigures/Rizzie_contour.png  used on input line 446.
(pdftex.def)             Requested size: 522.1545pt x 517.61281pt.

Overfull \hbox (52.39948pt too wide) in paragraph at lines 446--447
 [][] 
 []


Package natbib Warning: Citation `Rizzie' on page 39 undefined on input line 447.

[39 <./SchemesReportFigures/Rotation-60detTilt_contour.png>]
<SchemesReportFigures/Holden_contour.png, id=210, 354.3639pt x 351.2322pt>
File: SchemesReportFigures/Holden_contour.png Graphic file (type png)
<use SchemesReportFigures/Holden_contour.png>
Package pdftex.def Info: SchemesReportFigures/Holden_contour.png  used on input line 454.
(pdftex.def)             Requested size: 522.1545pt x 517.61281pt.

Overfull \hbox (52.39948pt too wide) in paragraph at lines 454--455
 [][] 
 []


Package natbib Warning: Citation `Holden' on page 40 undefined on input line 455.

[40 <./SchemesReportFigures/Rizzie_contour.png>]
<SchemesReportFigures/Spiral_contour.png, id=215, 354.3639pt x 351.2322pt>
File: SchemesReportFigures/Spiral_contour.png Graphic file (type png)
<use SchemesReportFigures/Spiral_contour.png>
Package pdftex.def Info: SchemesReportFigures/Spiral_contour.png  used on input line 461.
(pdftex.def)             Requested size: 522.1545pt x 517.61281pt.

Overfull \hbox (52.39948pt too wide) in paragraph at lines 461--462
 [][] 
 []

[41 <./SchemesReportFigures/Holden_contour.png>]
<SchemesReportFigures/Rizzie Hex_contour.png, id=220, 354.3639pt x 351.2322pt>
File: SchemesReportFigures/Rizzie Hex_contour.png Graphic file (type png)
<use SchemesReportFigures/Rizzie Hex_contour.png>
Package pdftex.def Info: SchemesReportFigures/Rizzie Hex_contour.png  used on input line 470.
(pdftex.def)             Requested size: 522.1545pt x 517.61281pt.

Overfull \hbox (52.39948pt too wide) in paragraph at lines 470--471
 [][] 
 []


Package natbib Warning: Citation `Rizzie' on page 42 undefined on input line 471.

[42 <./SchemesReportFigures/Spiral_contour.png>]
<SchemesReportFigures/thomas_contour.png, id=225, 354.3639pt x 351.2322pt>
File: SchemesReportFigures/thomas_contour.png Graphic file (type png)
<use SchemesReportFigures/thomas_contour.png>
Package pdftex.def Info: SchemesReportFigures/thomas_contour.png  used on input line 478.
(pdftex.def)             Requested size: 522.1545pt x 517.61281pt.

Overfull \hbox (52.39948pt too wide) in paragraph at lines 478--479
 [][] 
 []


Package natbib Warning: Citation `Matthies' on page 43 undefined on input line 479.

[43 <./SchemesReportFigures/Rizzie Hex_contour.png>]
<SchemesReportFigures/Partial hex_contour.png, id=231, 354.3639pt x 351.2322pt>
File: SchemesReportFigures/Partial hex_contour.png Graphic file (type png)
<use SchemesReportFigures/Partial hex_contour.png>
Package pdftex.def Info: SchemesReportFigures/Partial hex_contour.png  used on input line 486.
(pdftex.def)             Requested size: 522.1545pt x 517.61281pt.

Overfull \hbox (52.39948pt too wide) in paragraph at lines 486--487
 [][] 
 []


Package natbib Warning: Citation `Rizzie' on page 44 undefined on input line 487.

[44 <./SchemesReportFigures/thomas_contour.png>]
<SchemesReportFigures/CLR_contour.png, id=236, 354.3639pt x 351.2322pt>
File: SchemesReportFigures/CLR_contour.png Graphic file (type png)
<use SchemesReportFigures/CLR_contour.png>
Package pdftex.def Info: SchemesReportFigures/CLR_contour.png  used on input line 495.
(pdftex.def)             Requested size: 522.1545pt x 517.61281pt.

Overfull \hbox (52.39948pt too wide) in paragraph at lines 495--496
 [][] 
 []


Package natbib Warning: Citation `Bruker' on page 45 undefined on input line 496.

[45 <./SchemesReportFigures/Partial hex_contour.png>]
<SchemesReportFigures/Gauss_contour.png, id=241, 354.3639pt x 351.2322pt>
File: SchemesReportFigures/Gauss_contour.png Graphic file (type png)
<use SchemesReportFigures/Gauss_contour.png>
Package pdftex.def Info: SchemesReportFigures/Gauss_contour.png  used on input line 504.
(pdftex.def)             Requested size: 522.1545pt x 517.61281pt.

Overfull \hbox (52.39948pt too wide) in paragraph at lines 504--505
 [][] 
 []


Package natbib Warning: Citation `Lan1' on page 46 undefined on input line 505.


Package natbib Warning: Citation `Lan2' on page 46 undefined on input line 505.

[46 <./SchemesReportFigures/CLR_contour.png>] (./SchemesReport.bbl [47 <./SchemesReportFigures/Gauss_contour.png>])

Package natbib Warning: There were undefined citations.

[48] (./SchemesReport.aux) ) 
Here is how much of TeX's memory you used:
 3316 strings out of 478517
 57779 string characters out of 5849886
 353844 words of memory out of 5000000
 21211 multiletter control sequences out of 15000+600000
 411167 words of font info for 53 fonts, out of 8000000 for 9000
 1141 hyphenation exceptions out of 8191
 57i,6n,66p,444b,259s stack positions out of 5000i,500n,10000p,200000b,80000s
</usr/local/texlive/2021/texmf-dist/fonts/type1/public/amsfonts/cm/cmbx10.pfb></usr/local/texlive/2021/texmf-dist/fonts/type1/public/amsfonts/cm/cmbx12.pfb></usr/local/texlive/2021/texmf-dist/fonts/type1/public/amsfonts/cm/cmr10.pfb></usr/local/texlive/2021/texmf-dist/fonts/type1/public/amsfonts/cm/cmr12.pfb></usr/local/texlive/2021/texmf-dist/fonts/type1/public/amsfonts/cm/cmr17.pfb></usr/local/texlive/2021/texmf-dist/fonts/type1/public/amsfonts/cm/cmr8.pfb></usr/local/texlive/2021/texmf-dist/fonts/type1/public/amsfonts/cm/cmti10.pfb>
Output written on SchemesReport.pdf (48 pages, 8907544 bytes).
PDF statistics:
 288 PDF objects out of 1000 (max. 8388607)
 130 compressed objects within 2 object streams
 0 named destinations out of 1000 (max. 500000)
 231 words of extra memory for PDF output out of 10000 (max. 10000000)

